<?xml version="1.0" encoding="UTF-8"?>
<testng-results skipped="0" failed="0" ignored="0" total="1" passed="1">
  <reporter-output>
  </reporter-output>
  <suite name="Default suite" duration-ms="120778" started-at="2020-03-11T11:06:11Z" finished-at="2020-03-11T11:08:12Z">
    <groups>
    </groups>
    <test name="Default test" duration-ms="120778" started-at="2020-03-11T11:06:11Z" finished-at="2020-03-11T11:08:12Z">
      <class name="testcases.alaska_home_testcase">
        <test-method status="PASS" signature="start()[pri:0, instance:testcases.alaska_home_testcase@5c3bd550]" name="start" is-config="true" duration-ms="30579" started-at="2020-03-11T11:06:11Z" finished-at="2020-03-11T11:06:41Z">
          <reporter-output>
          </reporter-output>
        </test-method> <!-- start -->
        <test-method status="PASS" signature="login()[pri:0, instance:testcases.alaska_home_testcase@5c3bd550]" name="login" duration-ms="87107" started-at="2020-03-11T11:06:41Z" finished-at="2020-03-11T11:08:09Z">
          <reporter-output>
          </reporter-output>
        </test-method> <!-- login -->
        <test-method status="PASS" signature="close()[pri:0, instance:testcases.alaska_home_testcase@5c3bd550]" name="close" is-config="true" duration-ms="3037" started-at="2020-03-11T11:08:09Z" finished-at="2020-03-11T11:08:12Z">
          <reporter-output>
          </reporter-output>
        </test-method> <!-- close -->
      </class> <!-- testcases.alaska_home_testcase -->
    </test> <!-- Default test -->
  </suite> <!-- Default suite -->
</testng-results>
